[21May2025 00:12:46.126] [Server thread/INFO] [net.minecraft.world.entity.LivingEntity/]: Named entity VampireBaronEntity['Vampire Baron Level 1'/32177, l='ServerLevel[world]', x=-1796.17, y=67.00, z=-61.57] died: Vampire Baron Level 1 was slain by Vampire Baron Level 1
[21May2025 00:30:08.559] [Server thread/INFO] [net.minecraft.world.entity.npc.Villager/]: Villager Villager['Unemployed'/19373, l='ServerLevel[world]', x=-1790.25, y=60.25, z=54.70] died, message: 'Unemployed was slain by Zombie Villager'
[21May2025 00:49:46.606] [Server thread/INFO] [net.minecraft.world.entity.npc.Villager/]: Villager Villager['Unemployed'/35069, l='ServerLevel[world]', x=-1860.25, y=62.94, z=28.38] died, message: 'Unemployed was slain by Zombie'
[21May2025 00:57:53.262] [Server thread/INFO] [net.minecraft.world.entity.npc.Villager/]: Villager AggressiveVillagerEntity['Angry Villager'/39211, l='ServerLevel[world]', x=-1864.47, y=67.00, z=11.57] died, message: 'Angry Villager was slain by Vampire'
[21May2025 00:57:53.960] [Server thread/INFO] [net.minecraft.world.entity.npc.Villager/]: Villager AggressiveVillagerEntity['Angry Villager'/39213, l='ServerLevel[world]', x=-1853.75, y=64.25, z=51.43] died, message: 'Angry Villager was slain by Vampire'
[21May2025 00:58:23.063] [Server thread/INFO] [net.minecraft.world.entity.npc.Villager/]: Villager AggressiveVillagerEntity['Angry Villager'/39212, l='ServerLevel[world]', x=-1873.01, y=63.00, z=57.15] died, message: 'Angry Villager was slain by The nightmarish Krab'
[21May2025 01:16:55.756] [Server thread/INFO] [net.minecraft.world.entity.LivingEntity/]: Named entity Skeleton['Honeyed Archer'/19460, l='ServerLevel[world]', x=-1678.64, y=64.44, z=58.17] died: Honeyed Archer burned to death
[21May2025 01:19:12.077] [Server thread/WARN] [net.minecraft.server.network.ServerGamePacketListenerImpl/]: ilis84 moved too quickly! -9.743051476597884,-0.5445036465027826,-2.2763222701416055
[21May2025 01:23:45.614] [Server thread/WARN] [net.minecraft.server.network.ServerGamePacketListenerImpl/]: ilis84 moved wrongly!
[21May2025 01:27:09.770] [Server thread/INFO] [net.minecraft.server.MinecraftServer/]: [Not Secure] <ilis84> dssss
[21May2025 01:27:47.612] [Server thread/INFO] [net.minecraft.server.MinecraftServer/]: setexgamer was blown up by Creeper
[21May2025 01:27:47.633] [Server thread/INFO] [tombstone/]: The player setexgamer has successfully been saved
[21May2025 01:29:30.665] [Server thread/WARN] [net.minecraft.server.level.ServerPlayerGameMode/]: Mismatch in destroy block pos: BlockPos{x=-1918, y=62, z=62} BlockPos{x=-1918, y=61, z=62}
[21May2025 01:29:35.035] [Server thread/INFO] [net.minecraft.server.MinecraftServer/]: [setexgamer: Teleported setexgamer to ilis84]
[21May2025 01:29:53.078] [Server thread/INFO] [net.minecraft.server.MinecraftServer/]: [setexgamer: Teleported ilis84 to setexgamer]
[21May2025 01:30:04.862] [Server thread/INFO] [net.minecraft.server.MinecraftServer/]: [ilis84: Teleported ilis84 to setexgamer]
[21May2025 01:30:05.021] [Server thread/INFO] [net.minecraft.server.MinecraftServer/]: [setexgamer: Teleported ilis84 to setexgamer]
[21May2025 01:35:21.499] [Server thread/INFO] [net.minecraft.world.entity.npc.Villager/]: Villager Villager['Unemployed'/39614, l='ServerLevel[world]', x=-1934.30, y=64.00, z=31.90] died, message: 'Unemployed was sucked dry'
[21May2025 01:37:41.278] [Server thread/INFO] [net.minecraft.server.MinecraftServer/]: setexgamer has made the advancement [What a Deal!]
[21May2025 01:38:12.408] [Server thread/INFO] [net.minecraft.server.MinecraftServer/]: ilis84 has made the advancement [What a Deal!]
[21May2025 01:39:21.523] [Server thread/INFO] [net.minecraft.world.entity.npc.Villager/]: Villager Villager['Hunter Expert'/22076, l='ServerLevel[world]', x=-1848.49, y=63.00, z=45.76] died, message: 'Hunter Expert was slain by ilis84'
[21May2025 01:40:02.315] [Server thread/INFO] [net.minecraft.server.MinecraftServer/]: [ilis84: Teleported ilis84 to setexgamer]
[21May2025 01:45:08.469] [Server thread/INFO] [net.minecraft.server.MinecraftServer/]: setexgamer was slain by Zombie
[21May2025 01:45:08.488] [Server thread/INFO] [tombstone/]: The player setexgamer has successfully been saved
[21May2025 01:45:39.996] [Server thread/INFO] [net.minecraft.server.MinecraftServer/]: [setexgamer: Set own game mode to Creative Mode]
[21May2025 01:45:42.031] [Server thread/INFO] [net.minecraft.server.MinecraftServer/]: [setexgamer: Set own game mode to Survival Mode]
[21May2025 01:50:44.673] [Server thread/INFO] [net.minecraft.server.MinecraftServer/]: [ilis84: Teleported ilis84 to setexgamer]
[21May2025 01:52:23.756] [Server thread/INFO] [net.minecraft.world.entity.LivingEntity/]: Named entity VampireBaronEntity['Vampire Baron Level 1'/53102, l='ServerLevel[world]', x=-1818.27, y=68.00, z=-66.76] died: Vampire Baron Level 1 was slain by Vampire Baron Level 2
[21May2025 01:53:47.227] [Server thread/INFO] [net.minecraft.server.MinecraftServer/]: ilis84 has made the advancement [Tools of the Trade]
[21May2025 01:54:03.176] [Server thread/INFO] [net.minecraft.server.MinecraftServer/]: [setexgamer: Teleported setexgamer to ilis84]
[21May2025 02:01:50.009] [Server thread/WARN] [net.minecraft.server.network.ServerGamePacketListenerImpl/]: ilis84 moved wrongly!
[21May2025 02:01:50.169] [Server thread/WARN] [net.minecraft.server.network.ServerGamePacketListenerImpl/]: ilis84 moved wrongly!
[21May2025 02:05:04.220] [Server thread/INFO] [net.minecraft.server.MinecraftServer/]: [ilis84: Teleported ilis84 to setexgamer]
[21May2025 02:05:20.715] [Worker-Main-170/WARN] [net.minecraft.world.level.levelgen.heightproviders.UniformHeight/]: Empty height range: [6 above bottom--1 absolute]
[21May2025 02:05:20.716] [Worker-Main-170/WARN] [net.minecraft.world.level.levelgen.heightproviders.UniformHeight/]: Empty height range: [6 above bottom--1 absolute]
[21May2025 02:05:20.716] [Worker-Main-170/WARN] [net.minecraft.world.level.levelgen.heightproviders.UniformHeight/]: Empty height range: [6 above bottom--1 absolute]
[21May2025 02:05:22.021] [Server thread/WARN] [net.minecraft.server.MinecraftServer/]: Can't keep up! Is the server overloaded? Running 2183ms or 43 ticks behind
[21May2025 02:05:58.784] [Server thread/WARN] [net.minecraft.server.network.ServerGamePacketListenerImpl/]: ilis84 moved too quickly! 6.8322348924237986,0.23486921563744545,-7.6435890680230045
[21May2025 02:06:06.643] [Server thread/INFO] [net.minecraft.world.entity.npc.Villager/]: Villager Villager['Librarian'/50110, l='ServerLevel[world]', x=-1856.70, y=63.00, z=27.90] died, message: 'Librarian was slain by Zombie'
[21May2025 02:06:41.234] [Server thread/WARN] [net.minecraft.server.network.ServerGamePacketListenerImpl/]: ilis84 moved wrongly!
[21May2025 02:07:30.424] [Server thread/INFO] [net.minecraft.server.MinecraftServer/]: ilis84 has made the advancement [Into Fire]
[21May2025 02:07:34.874] [Server thread/INFO] [net.minecraft.server.MinecraftServer/]: ilis84 has made the advancement [A Terrible Fortress]
[21May2025 02:13:15.712] [Server thread/INFO] [net.minecraft.world.entity.LivingEntity/]: Named entity WitherSkeleton['Withering Archer'/61599, l='ServerLevel[world]', x=-529.03, y=59.16, z=-251.31] died: Withering Archer was slain by setexgamer
[21May2025 02:13:50.020] [Server thread/INFO] [net.minecraft.server.MinecraftServer/]: setexgamer tried to swim in lava
[21May2025 02:13:50.027] [Server thread/INFO] [tombstone/]: The player setexgamer has successfully been saved
[21May2025 02:14:03.572] [Server thread/WARN] [net.minecraft.server.network.ServerGamePacketListenerImpl/]: ilis84 moved too quickly! -9.985114440370467,0.9174520313960954,3.5562203900529994
[21May2025 02:15:16.456] [Server thread/INFO] [net.minecraft.server.MinecraftServer/]: [setexgamer: Set own game mode to Creative Mode]
[21May2025 02:15:19.109] [Server thread/INFO] [net.minecraft.server.MinecraftServer/]: [setexgamer: Set own game mode to Survival Mode]
[21May2025 02:23:05.995] [Server thread/INFO] [net.minecraft.world.entity.npc.Villager/]: Villager Villager['Farmer'/63547, l='ServerLevel[world]', x=-1934.30, y=64.00, z=31.90] died, message: 'Farmer was sucked dry'
[21May2025 02:24:42.223] [Server thread/INFO] [net.minecraft.server.MinecraftServer/]: You have perished from holy damage
[21May2025 02:24:42.227] [Server thread/INFO] [tombstone/]: The player ilis84 has successfully been saved
[21May2025 02:35:30.652] [Server thread/INFO] [net.minecraft.server.MinecraftServer/]: setexgamer was fireballed by Blaze
[21May2025 02:35:30.660] [Server thread/INFO] [tombstone/]: The player setexgamer has successfully been saved
[21May2025 02:54:22.151] [Server thread/INFO] [net.minecraft.server.MinecraftServer/]: ilis84 was slain by Zombie
[21May2025 02:54:22.168] [Server thread/INFO] [tombstone/]: The player ilis84 has successfully been saved
[21May2025 03:09:21.219] [Server thread/INFO] [net.minecraft.server.MinecraftServer/]: setexgamer was fireballed by Blaze
[21May2025 03:09:21.229] [Server thread/INFO] [tombstone/]: The player setexgamer has successfully been saved
[21May2025 03:11:35.306] [Server thread/INFO] [net.minecraft.server.MinecraftServer/]: setexgamer tried to swim in lava to escape Traverser
[21May2025 03:11:35.366] [Server thread/INFO] [tombstone/]: The player setexgamer has successfully been saved
[21May2025 03:11:50.800] [Server thread/INFO] [net.minecraft.world.entity.LivingEntity/]: Named entity Zombie['Viscount Biz'/72721, l='ServerLevel[world]', x=-2024.30, y=76.00, z=164.51] died: Viscount Biz was slain by ilis84
[21May2025 03:11:50.846] [Server thread/INFO] [net.minecraft.server.MinecraftServer/]: ilis84 has made the advancement [Far From Perfect]
[21May2025 03:12:28.706] [Server thread/INFO] [net.minecraft.world.entity.LivingEntity/]: Named entity ZombifiedPygro['Driller'/72192, l='ServerLevel[world]', x=-2168.85, y=-7.90, z=32.15] died: Driller suffocated in a wall
[21May2025 03:13:00.921] [Server thread/INFO] [net.minecraft.world.entity.LivingEntity/]: Named entity Piglin['Mister Prim the Happiness Advocate'/73267, l='ServerLevel[world]', x=-489.62, y=22.00, z=-194.58] died: Mister Prim the Happiness Advocate tried to swim in lava
[21May2025 03:14:04.766] [Server thread/WARN] [net.minecraft.server.network.ServerGamePacketListenerImpl/]: ilis84 moved wrongly!
[21May2025 03:15:42.368] [Server thread/WARN] [net.minecraft.server.network.ServerGamePacketListenerImpl/]: ilis84 moved too quickly! -10.112386078313875,-1.6302159428596497,0.418098025937752
[21May2025 03:15:55.465] [Server thread/INFO] [net.minecraft.server.MinecraftServer/]: setexgamer has reached the goal [Heliomancer]
[21May2025 03:16:15.218] [Server thread/WARN] [net.minecraft.server.network.ServerGamePacketListenerImpl/]: ilis84 moved too quickly! -1.815215858885722,-11.19886200217774,-0.8721802826976273
[21May2025 03:16:45.271] [Server thread/INFO] [net.minecraft.server.MinecraftServer/]: setexgamer was burnt to a crisp whilst fighting Traverser
[21May2025 03:16:45.277] [Server thread/INFO] [tombstone/]: The player setexgamer has successfully been saved
[21May2025 03:16:59.282] [Server thread/WARN] [net.minecraft.server.MinecraftServer/]: Can't keep up! Is the server overloaded? Running 7545ms or 150 ticks behind
[21May2025 03:16:59.321] [Server thread/WARN] [net.minecraft.server.network.ServerGamePacketListenerImpl/]: ilis84 moved too quickly! 2.827166792018147,2.5752198149080243,-9.665292180381584
[21May2025 03:17:18.837] [Server thread/INFO] [net.minecraft.server.MinecraftServer/]: ilis84 has made the advancement [The Soul Forge]
[21May2025 03:17:37.668] [Server thread/INFO] [net.minecraft.server.MinecraftServer/]: setexgamer tried to swim in lava to escape Traverser
[21May2025 03:17:37.674] [Server thread/INFO] [tombstone/]: The player setexgamer has successfully been saved
[21May2025 03:17:50.347] [Server thread/WARN] [net.minecraft.server.network.ServerGamePacketListenerImpl/]: ilis84 moved wrongly!
[21May2025 03:18:25.498] [Server thread/INFO] [net.minecraft.server.MinecraftServer/]: ilis84 has completed the challenge [The broken Nether's warmachine]
[21May2025 03:18:47.213] [Server thread/INFO] [net.minecraft.server.MinecraftServer/]: setexgamer was burnt to a crisp whilst fighting Blaze
[21May2025 03:18:47.218] [Server thread/INFO] [tombstone/]: The player setexgamer has successfully been saved
[21May2025 03:19:06.669] [Server thread/INFO] [net.minecraft.server.MinecraftServer/]: setexgamer has made the advancement [Defunct Machinery]
[21May2025 03:19:16.266] [Server thread/INFO] [net.minecraft.server.MinecraftServer/]: ilis84 has made the advancement [Hidden in the Depths]
[21May2025 03:20:33.644] [Server thread/WARN] [net.minecraft.server.network.ServerGamePacketListenerImpl/]: ilis84 moved too quickly! -6.264387932352292,8.696954935789108,-3.054486986180791
[21May2025 03:20:57.567] [Server thread/INFO] [net.minecraft.server.MinecraftServer/]: setexgamer was burnt to a crisp whilst fighting Blaze
[21May2025 03:20:57.573] [Server thread/INFO] [tombstone/]: The player setexgamer has successfully been saved
[21May2025 03:23:19.831] [Server thread/INFO] [net.minecraft.server.MinecraftServer/]: ilis84 has completed the challenge [Hot Tourist Destinations]
[21May2025 03:25:20.828] [Server thread/INFO] [net.minecraft.server.MinecraftServer/]: ilis84 has made the advancement [Those Were the Days]
[21May2025 03:26:41.719] [Server thread/INFO] [net.minecraft.server.MinecraftServer/]: setexgamer tried to swim in lava
[21May2025 03:26:41.725] [Server thread/INFO] [tombstone/]: The player setexgamer has successfully been saved
[21May2025 03:28:01.016] [Server thread/INFO] [net.minecraft.server.MinecraftServer/]: ilis84 has made the advancement [War Pigs]
[21May2025 03:32:52.138] [Server thread/INFO] [net.minecraft.server.network.ServerGamePacketListenerImpl/]: ilis84 lost connection: Disconnected
[21May2025 03:32:52.138] [Server thread/INFO] [net.minecraft.server.MinecraftServer/]: ilis84 left the game
[21May2025 03:32:52.139] [Server thread/INFO] [com.alrex.parcool.ParCool/]: Limitation of 517ca148-3739-31a2-b86a-39bc4ab36cad was unloaded
[21May2025 03:34:13.233] [Server thread/INFO] [net.minecraft.server.MinecraftServer/]: [setexgamer: Set own game mode to Creative Mode]
[21May2025 03:34:17.003] [Server thread/INFO] [net.minecraft.server.MinecraftServer/]: setexgamer has completed the challenge [Hot Tourist Destinations]
[21May2025 03:34:33.920] [Server thread/INFO] [net.minecraft.server.MinecraftServer/]: [setexgamer: Gave 64 [Leather] to setexgamer]
[21May2025 03:34:35.570] [Server thread/INFO] [net.minecraft.server.MinecraftServer/]: [setexgamer: Set own game mode to Survival Mode]
[21May2025 03:34:54.901] [Server thread/INFO] [net.minecraft.server.MinecraftServer/]: setexgamer was slain by Zombified Piglin
[21May2025 03:34:54.913] [Server thread/INFO] [tombstone/]: The player setexgamer has successfully been saved
[21May2025 03:35:15.966] [Server thread/INFO] [net.minecraft.server.commands.LocateCommand/]: Locating element minecraft:bastion_remnant took 7 ms
[21May2025 03:35:20.518] [Server thread/INFO] [net.minecraft.server.MinecraftServer/]: [setexgamer: Teleported setexgamer to -1263.500000, 42.000000, -95.500000]
[21May2025 03:35:20.625] [Server thread/INFO] [net.minecraft.server.MinecraftServer/]: setexgamer has made the advancement [Those Were the Days]
[21May2025 03:35:22.602] [Server thread/INFO] [net.minecraft.server.MinecraftServer/]: [setexgamer: Set own game mode to Spectator Mode]
[21May2025 03:35:39.278] [Server thread/INFO] [net.minecraft.server.players.PlayerList/]: ilis84[/100.81.43.74:58897] logged in with entity id 87495 at (-2072.5, 34.60351590146311, -1287.5)
[21May2025 03:35:39.314] [Server thread/INFO] [net.minecraft.server.MinecraftServer/]: ilis84 joined the game
[21May2025 03:35:39.758] [Server thread/ERROR] [net.threetag.palladium.Palladium/]: Was not able to read user's supporter data! (517ca148-3739-31a2-b86a-39bc4ab36cad)
[21May2025 03:35:39.764] [Server thread/INFO] [Jade/]: Syncing config to ilis84 (517ca148-3739-31a2-b86a-39bc4ab36cad)
[21May2025 03:35:40.344] [Server thread/INFO] [net.minecraft.server.MinecraftServer/]: [setexgamer: Set own game mode to Survival Mode]
[21May2025 03:35:43.484] [Server thread/INFO] [com.alrex.parcool.ParCool/]: Limitation of 517ca148-3739-31a2-b86a-39bc4ab36cad was loaded
[21May2025 03:35:43.636] [Server thread/INFO] [net.minecraft.server.MinecraftServer/]: [setexgamer: Set own game mode to Spectator Mode]
[21May2025 03:35:52.210] [Server thread/INFO] [net.minecraft.server.MinecraftServer/]: [setexgamer: Set own game mode to Survival Mode]
[21May2025 03:36:31.976] [Server thread/INFO] [net.minecraft.server.MinecraftServer/]: setexgamer has made the advancement [War Pigs]
[21May2025 03:37:10.120] [Server thread/INFO] [net.minecraft.server.MinecraftServer/]: setexgamer has made the advancement [Who is Cutting Onions?]
[21May2025 03:37:36.234] [Server thread/WARN] [net.minecraft.server.level.ServerPlayerGameMode/]: Mismatch in destroy block pos: BlockPos{x=0, y=0, z=0} BlockPos{x=-1263, y=69, z=-88}
[21May2025 03:37:44.727] [Server thread/INFO] [net.minecraft.server.MinecraftServer/]: [setexgamer: Set own game mode to Spectator Mode]
[21May2025 03:38:03.813] [Server thread/INFO] [net.minecraft.server.MinecraftServer/]: [setexgamer: Set own game mode to Survival Mode]
[21May2025 03:38:52.202] [Server thread/WARN] [net.minecraft.server.network.ServerGamePacketListenerImpl/]: ilis84 moved wrongly!
[21May2025 03:38:57.369] [Server thread/INFO] [net.minecraft.server.MinecraftServer/]: setexgamer was shot by Piglin
[21May2025 03:38:57.380] [Server thread/INFO] [tombstone/]: The player setexgamer has successfully been saved
[21May2025 03:38:59.261] [Server thread/WARN] [net.minecraft.server.network.ServerGamePacketListenerImpl/]: ilis84 moved too quickly! -4.946988073942748,-1.5571219623088837,8.633773886652534
[21May2025 03:39:08.112] [Server thread/INFO] [net.minecraft.server.MinecraftServer/]: setexgamer was slain by Piglin Brute
[21May2025 03:39:08.130] [Server thread/INFO] [tombstone/]: The player setexgamer has successfully been saved
[21May2025 03:39:09.815] [Server thread/WARN] [net.minecraft.server.network.ServerGamePacketListenerImpl/]: ilis84 moved too quickly! -2.3314663529210975,-0.6625770479440689,-9.963426346344022
[21May2025 03:39:19.219] [Server thread/INFO] [net.minecraft.server.MinecraftServer/]: setexgamer was shot by Piglin
[21May2025 03:39:19.227] [Server thread/INFO] [tombstone/]: The player setexgamer has successfully been saved
[21May2025 03:39:21.062] [Server thread/WARN] [net.minecraft.server.network.ServerGamePacketListenerImpl/]: ilis84 moved too quickly! 4.869999279666217,-2.740333467721939,-8.494575916612803
[21May2025 03:39:30.557] [Server thread/WARN] [net.minecraft.server.network.ServerGamePacketListenerImpl/]: ilis84 moved too quickly! 4.093842965960903,4.541495967656374,-9.184870061744505
[21May2025 03:39:30.557] [Server thread/WARN] [net.minecraft.server.MinecraftServer/]: Can't keep up! Is the server overloaded? Running 4069ms or 81 ticks behind
[21May2025 03:40:33.825] [Server thread/WARN] [net.minecraft.server.network.ServerGamePacketListenerImpl/]: ilis84 moved wrongly!
[21May2025 03:40:42.434] [Server thread/WARN] [net.minecraft.server.network.ServerGamePacketListenerImpl/]: ilis84 moved too quickly! -5.385093409142883,-1.330605298280716,8.621901938058727
[21May2025 03:41:52.435] [Server thread/INFO] [net.minecraft.world.entity.LivingEntity/]: Named entity WitherSkeleton['Withering Archer'/91921, l='ServerLevel[world]', x=-1489.51, y=63.50, z=-1709.56] died: Withering Archer was slain by ilis84
[21May2025 03:44:26.952] [Server thread/WARN] [net.minecraft.server.MinecraftServer/]: Can't keep up! Is the server overloaded? Running 2014ms or 40 ticks behind
[21May2025 03:46:22.182] [Server thread/WARN] [net.minecraft.server.network.ServerGamePacketListenerImpl/]: ilis84 moved wrongly!
[21May2025 03:46:22.322] [Server thread/WARN] [net.minecraft.server.network.ServerGamePacketListenerImpl/]: ilis84 moved wrongly!
[21May2025 03:47:59.045] [Server thread/INFO] [net.minecraft.world.entity.npc.Villager/]: Villager Villager['Unemployed'/91517, l='ServerLevel[world]', x=-1839.30, y=64.00, z=38.30] died, message: 'Unemployed was slain by Zombie'
[21May2025 03:49:04.805] [Server thread/WARN] [net.minecraft.server.network.ServerGamePacketListenerImpl/]: ilis84 moved too quickly! -9.096684067557362,-0.5878737270832062,-4.294331495828487
[21May2025 03:49:48.197] [Server thread/INFO] [net.minecraft.world.entity.npc.Villager/]: Villager Villager['Unemployed'/96765, l='ServerLevel[world]', x=-1934.30, y=64.00, z=32.18] died, message: 'Unemployed was sucked dry'
[21May2025 03:49:52.274] [Server thread/WARN] [net.minecraft.server.network.ServerGamePacketListenerImpl/]: ilis84 moved wrongly!
[21May2025 03:50:12.649] [Server thread/INFO] [net.minecraft.server.MinecraftServer/]: setexgamer was blown up by Creeper
[21May2025 03:50:12.699] [Server thread/INFO] [tombstone/]: The player setexgamer has successfully been saved
[21May2025 03:53:43.689] [Server thread/WARN] [net.minecraft.server.network.ServerGamePacketListenerImpl/]: ilis84 moved wrongly!
[21May2025 03:55:59.194] [Server thread/INFO] [net.minecraft.world.entity.npc.Villager/]: Villager Villager['Unemployed'/98826, l='ServerLevel[world]', x=-1940.00, y=64.00, z=17.70] died, message: 'Unemployed was sucked dry'
[21May2025 04:02:14.468] [Server thread/INFO] [net.minecraft.server.network.ServerGamePacketListenerImpl/]: ilis84 lost connection: Disconnected
[21May2025 04:02:14.468] [Server thread/INFO] [net.minecraft.server.MinecraftServer/]: ilis84 left the game
[21May2025 04:02:14.468] [Server thread/INFO] [com.alrex.parcool.ParCool/]: Limitation of 517ca148-3739-31a2-b86a-39bc4ab36cad was unloaded
[21May2025 04:05:40.310] [Server thread/INFO] [net.minecraft.server.players.PlayerList/]: ilis84[/100.81.43.74:59438] logged in with entity id 106516 at (-3055.288530837485, 37.0, -711.5)
[21May2025 04:05:40.424] [Server thread/INFO] [net.minecraft.server.MinecraftServer/]: ilis84 joined the game
[21May2025 04:05:40.901] [Server thread/ERROR] [net.threetag.palladium.Palladium/]: Was not able to read user's supporter data! (517ca148-3739-31a2-b86a-39bc4ab36cad)
[21May2025 04:05:40.910] [Server thread/INFO] [Jade/]: Syncing config to ilis84 (517ca148-3739-31a2-b86a-39bc4ab36cad)
[21May2025 04:05:42.085] [Server thread/INFO] [com.alrex.parcool.ParCool/]: Limitation of 517ca148-3739-31a2-b86a-39bc4ab36cad was loaded
[21May2025 04:05:42.134] [Server thread/WARN] [net.minecraft.server.MinecraftServer/]: Can't keep up! Is the server overloaded? Running 2196ms or 43 ticks behind
[21May2025 04:05:51.374] [Server thread/INFO] [net.minecraft.server.MinecraftServer/]: ilis84 was slain by Piglin
[21May2025 04:05:51.534] [Server thread/INFO] [tombstone/]: The player ilis84 has successfully been saved
[21May2025 04:06:32.733] [Server thread/WARN] [net.minecraft.server.MinecraftServer/]: Can't keep up! Is the server overloaded? Running 4445ms or 88 ticks behind
[21May2025 04:06:54.370] [Server thread/WARN] [net.minecraft.server.MinecraftServer/]: Can't keep up! Is the server overloaded? Running 6683ms or 133 ticks behind
[21May2025 04:07:14.577] [Server thread/WARN] [net.minecraft.server.MinecraftServer/]: Can't keep up! Is the server overloaded? Running 5240ms or 104 ticks behind
[21May2025 04:07:24.637] [Server thread/WARN] [net.minecraft.server.network.ServerGamePacketListenerImpl/]: ilis84 moved wrongly!
[21May2025 04:07:24.792] [Server thread/WARN] [net.minecraft.server.network.ServerGamePacketListenerImpl/]: ilis84 moved wrongly!
[21May2025 04:07:24.964] [Server thread/WARN] [net.minecraft.server.network.ServerGamePacketListenerImpl/]: ilis84 moved wrongly!
[21May2025 04:07:25.097] [Server thread/WARN] [net.minecraft.server.network.ServerGamePacketListenerImpl/]: ilis84 moved wrongly!
[21May2025 04:07:25.274] [Server thread/WARN] [net.minecraft.server.network.ServerGamePacketListenerImpl/]: ilis84 moved wrongly!
[21May2025 04:07:25.422] [Server thread/WARN] [net.minecraft.server.network.ServerGamePacketListenerImpl/]: ilis84 moved wrongly!
[21May2025 04:07:25.602] [Server thread/WARN] [net.minecraft.server.network.ServerGamePacketListenerImpl/]: ilis84 moved wrongly!
[21May2025 04:07:26.260] [Server thread/WARN] [net.minecraft.server.network.ServerGamePacketListenerImpl/]: ilis84 moved wrongly!
[21May2025 04:07:26.415] [Server thread/WARN] [net.minecraft.server.network.ServerGamePacketListenerImpl/]: ilis84 moved wrongly!
[21May2025 04:07:26.573] [Server thread/WARN] [net.minecraft.server.network.ServerGamePacketListenerImpl/]: ilis84 moved wrongly!
[21May2025 04:07:26.809] [Server thread/WARN] [net.minecraft.server.network.ServerGamePacketListenerImpl/]: ilis84 moved wrongly!
[21May2025 04:07:34.133] [Server thread/WARN] [net.minecraft.server.MinecraftServer/]: Can't keep up! Is the server overloaded? Running 4595ms or 91 ticks behind
[21May2025 04:07:53.037] [Server thread/WARN] [net.minecraft.server.MinecraftServer/]: Can't keep up! Is the server overloaded? Running 3949ms or 78 ticks behind
[21May2025 04:08:11.817] [Server thread/WARN] [net.minecraft.server.MinecraftServer/]: Can't keep up! Is the server overloaded? Running 3829ms or 76 ticks behind
[21May2025 04:08:22.542] [Server thread/INFO] [net.minecraft.server.MinecraftServer/]: setexgamer was slain by Zombie
[21May2025 04:08:22.600] [Server thread/INFO] [tombstone/]: The player setexgamer has successfully been saved
[21May2025 04:08:31.355] [Server thread/WARN] [net.minecraft.server.MinecraftServer/]: Can't keep up! Is the server overloaded? Running 4568ms or 91 ticks behind
[21May2025 04:11:36.041] [Server thread/ERROR] [placebo/]: Failed to locate any gear sets matching the following predicates: 
[21May2025 04:11:36.056] [Server thread/ERROR] [placebo/]: SetPredicate[#irons_spellbooks]
[21May2025 04:12:10.473] [Server thread/INFO] [net.minecraft.server.MinecraftServer/]: setexgamer was shot by Skeleton
[21May2025 04:12:10.518] [Server thread/INFO] [tombstone/]: The player setexgamer has successfully been saved
[21May2025 04:12:12.246] [Server thread/WARN] [net.minecraft.server.network.ServerGamePacketListenerImpl/]: ilis84 moved too quickly! 5.143150993134441,-0.5279194489121437,-8.853303161595932
[21May2025 04:12:19.326] [Server thread/WARN] [net.minecraft.server.network.ServerGamePacketListenerImpl/]: ilis84 moved too quickly! 5.2295448056438545,-5.3642390966415405,-6.942339175817779
[21May2025 04:15:36.386] [Server thread/INFO] [net.minecraft.world.entity.npc.Villager/]: Villager Villager['Unemployed'/111052, l='ServerLevel[world]', x=-1940.01, y=64.00, z=19.30] died, message: 'Unemployed was sucked dry'
[21May2025 04:15:52.768] [Server thread/INFO] [net.minecraft.server.network.ServerGamePacketListenerImpl/]: setexgamer lost connection: Timed out
[21May2025 04:15:52.768] [Server thread/INFO] [net.minecraft.server.MinecraftServer/]: setexgamer left the game
[21May2025 04:15:52.768] [Server thread/INFO] [com.alrex.parcool.ParCool/]: Limitation of 5513d577-e3bb-3e49-8f50-eb82f73fd107 was unloaded
[21May2025 04:22:56.337] [Server thread/INFO] [net.minecraft.server.players.PlayerList/]: setexgamer[/100.68.92.13:54006] logged in with entity id 114284 at (-1853.1264873680977, 50.0, 130.13215224597243)
[21May2025 04:22:56.369] [Server thread/INFO] [net.minecraft.server.MinecraftServer/]: setexgamer joined the game
[21May2025 04:22:56.789] [Server thread/ERROR] [net.threetag.palladium.Palladium/]: Was not able to read user's supporter data! (5513d577-e3bb-3e49-8f50-eb82f73fd107)
[21May2025 04:22:56.793] [Server thread/INFO] [Jade/]: Syncing config to setexgamer (5513d577-e3bb-3e49-8f50-eb82f73fd107)
[21May2025 04:23:00.777] [Server thread/INFO] [com.alrex.parcool.ParCool/]: Limitation of 5513d577-e3bb-3e49-8f50-eb82f73fd107 was loaded
[21May2025 04:24:33.687] [Server thread/INFO] [net.minecraft.server.network.ServerGamePacketListenerImpl/]: setexgamer lost connection: Disconnected
[21May2025 04:24:33.688] [Server thread/INFO] [net.minecraft.server.MinecraftServer/]: setexgamer left the game
[21May2025 04:24:33.688] [Server thread/INFO] [com.alrex.parcool.ParCool/]: Limitation of 5513d577-e3bb-3e49-8f50-eb82f73fd107 was unloaded
[21May2025 04:28:05.213] [Server thread/WARN] [net.minecraft.server.network.ServerGamePacketListenerImpl/]: ilis84 moved wrongly!
[21May2025 04:28:05.411] [Server thread/WARN] [net.minecraft.server.network.ServerGamePacketListenerImpl/]: ilis84 moved wrongly!
[21May2025 04:28:18.365] [Server thread/INFO] [net.minecraft.server.MinecraftServer/]: [ilis84: Set own game mode to Creative Mode]
[21May2025 04:28:21.159] [Server thread/INFO] [net.minecraft.server.MinecraftServer/]: [ilis84: Set own game mode to Survival Mode]
[21May2025 04:28:22.173] [Server thread/INFO] [net.minecraft.server.players.PlayerList/]: setexgamer[/100.68.92.13:54072] logged in with entity id 115222 at (-1851.761898731238, 50.0, 129.31608218112268)
[21May2025 04:28:22.204] [Server thread/INFO] [net.minecraft.server.MinecraftServer/]: setexgamer joined the game
[21May2025 04:28:22.610] [Server thread/ERROR] [net.threetag.palladium.Palladium/]: Was not able to read user's supporter data! (5513d577-e3bb-3e49-8f50-eb82f73fd107)
[21May2025 04:28:22.614] [Server thread/INFO] [Jade/]: Syncing config to setexgamer (5513d577-e3bb-3e49-8f50-eb82f73fd107)
[21May2025 04:28:24.593] [Server thread/ERROR] [placebo/]: Failed to locate any gear sets matching the following predicates: 
[21May2025 04:28:24.593] [Server thread/ERROR] [placebo/]: SetPredicate[#irons_spellbooks]
[21May2025 04:28:31.826] [Server thread/INFO] [com.alrex.parcool.ParCool/]: Limitation of 5513d577-e3bb-3e49-8f50-eb82f73fd107 was loaded
[21May2025 04:28:33.025] [Server thread/INFO] [net.minecraft.server.MinecraftServer/]: [ilis84: Set own game mode to Spectator Mode]
[21May2025 04:28:44.982] [Server thread/INFO] [net.minecraft.server.MinecraftServer/]: [ilis84: Set own game mode to Survival Mode]
[21May2025 04:29:27.606] [Server thread/INFO] [net.minecraft.world.entity.npc.Villager/]: Villager Villager['Unemployed'/115241, l='ServerLevel[world]', x=-1839.30, y=69.00, z=75.70] died, message: 'Unemployed was slain by Zombie'
[21May2025 04:31:36.135] [Server thread/WARN] [net.minecraft.server.network.ServerGamePacketListenerImpl/]: ilis84 moved too quickly! -5.735488419824378,6.9716214863583446,-4.3119099537266266
[21May2025 04:32:03.594] [Server thread/INFO] [net.minecraft.world.entity.npc.Villager/]: Villager Villager['Unemployed'/115324, l='ServerLevel[world]', x=-1856.70, y=63.00, z=27.19] died, message: 'Unemployed was slain by Zombie'
[21May2025 04:32:30.845] [Server thread/INFO] [net.minecraft.server.MinecraftServer/]: [ilis84: Teleported ilis84 to setexgamer]
[21May2025 04:33:46.695] [Server thread/INFO] [net.minecraft.world.entity.npc.Villager/]: Villager Villager['Unemployed'/115331, l='ServerLevel[world]', x=-1933.64, y=63.00, z=31.64] died, message: 'Unemployed was sucked dry'
